<?xml version="1.0" encoding="UTF-8"?>
<testsuites tests="2" failures="0" disabled="0" errors="0" time="0" timestamp="2025-11-04T17:58:53" name="AllTests">
  <testsuite name="EigenChecks" tests="2" failures="0" disabled="0" errors="0" time="0" timestamp="2025-11-04T17:58:53">
    <testcase name="EigenMatrixEqualGtest_Zero_Sized_Dynamic_Matrix" status="run" result="completed" time="0" timestamp="2025-11-04T17:58:53" classname="eigen_checks.EigenChecks" />
    <testcase name="EigenVectorEqualGtest_Zero_Sized_Dynamic_Vector" status="run" result="completed" time="0" timestamp="2025-11-04T17:58:53" classname="eigen_checks.EigenChecks" />
  </testsuite>
</testsuites>
