<?xml version="1.0" encoding="UTF-8"?>
<testsuites tests="2" failures="0" disabled="0" errors="0" time="0.156" timestamp="2025-11-04T17:58:52" name="AllTests">
  <testsuite name="EigenChecks" tests="2" failures="0" disabled="0" errors="0" time="0.156" timestamp="2025-11-04T17:58:52">
    <testcase name="EigenMatrixEqualGlog_Zero_Sized_Dynamic_Matrix" status="run" result="completed" time="0.082" timestamp="2025-11-04T17:58:52" classname="eigen_checks.EigenChecks" />
    <testcase name="EigenVectorEqualGlog_Zero_Sized_Dynamic_Vector" status="run" result="completed" time="0.074" timestamp="2025-11-04T17:58:52" classname="eigen_checks.EigenChecks" />
  </testsuite>
</testsuites>
